<?xml version="1.0" encoding="UTF-8"?>
<!-- Generated by org.testng.reporters.JUnitXMLReporter -->
<testsuite ignored="0" hostname="LAPTOP-QJ4Q7LEE" failures="0" tests="6" name="Free CRM App Test Cases" time="92.382" errors="0" timestamp="01 Jul 2021 06:19:02 GMT">
  <testcase classname="com.crm.qa.testcases.LoginPageTest" name="loginPageTitleTest" time="0.023"/>
  <testcase classname="com.crm.qa.testcases.HomePageTest" name="verifyHomePageTitleTest" time="0.015"/>
  <testcase classname="com.crm.qa.testcases.LoginPageTest" name="crmLogoImageTest" time="0.088"/>
  <testcase classname="com.crm.qa.testcases.HomePageTest" name="verifyUserNameTest" time="0.142"/>
  <testcase classname="com.crm.qa.testcases.LoginPageTest" name="loginTest" time="6.232"/>
  <testcase classname="com.crm.qa.testcases.HomePageTest" name="verifyContactsLinkTest" time="1.561"/>
</testsuite> <!-- Free CRM App Test Cases -->
