<?xml version="1.0" encoding="UTF-8"?>
<!-- Generated by org.testng.reporters.JUnitXMLReporter -->
<testsuite ignored="0" hostname="LAPTOP-QJ4Q7LEE" failures="0" tests="3" name="Default test" time="34.609" errors="0" timestamp="27 Jun 2021 16:03:09 GMT">
  <testcase classname="com.crm.qa.testcases.LoginPageTest" name="loginPageTitleTest" time="0.02"/>
  <testcase classname="com.crm.qa.testcases.LoginPageTest" name="crmLogoImageTest" time="0.063"/>
  <testcase classname="com.crm.qa.testcases.LoginPageTest" name="loginTest" time="6.669"/>
</testsuite> <!-- Default test -->
