<?xml version="1.0" encoding="UTF-8"?>
<testng-results ignored="0" total="3" passed="3" failed="0" skipped="0">
  <reporter-output>
  </reporter-output>
  <suite started-at="2021-06-27T16:02:34Z" name="Default suite" finished-at="2021-06-27T16:03:09Z" duration-ms="34609">
    <groups>
    </groups>
    <test started-at="2021-06-27T16:02:34Z" name="Default test" finished-at="2021-06-27T16:03:09Z" duration-ms="34609">
      <class name="com.crm.qa.testcases.LoginPageTest">
        <test-method is-config="true" signature="setUp()[pri:0, instance:com.crm.qa.testcases.LoginPageTest@b978d10]" started-at="2021-06-27T21:32:34Z" name="setUp" finished-at="2021-06-27T21:32:43Z" duration-ms="8356" status="PASS">
          <reporter-output>
          </reporter-output>
        </test-method> <!-- setUp -->
        <test-method signature="loginPageTitleTest()[pri:1, instance:com.crm.qa.testcases.LoginPageTest@b978d10]" started-at="2021-06-27T21:32:43Z" name="loginPageTitleTest" finished-at="2021-06-27T21:32:43Z" duration-ms="20" status="PASS">
          <reporter-output>
          </reporter-output>
        </test-method> <!-- loginPageTitleTest -->
        <test-method is-config="true" signature="tearDown()[pri:0, instance:com.crm.qa.testcases.LoginPageTest@b978d10]" started-at="2021-06-27T21:32:43Z" name="tearDown" finished-at="2021-06-27T21:32:43Z" duration-ms="646" status="PASS">
          <reporter-output>
          </reporter-output>
        </test-method> <!-- tearDown -->
        <test-method is-config="true" signature="setUp()[pri:0, instance:com.crm.qa.testcases.LoginPageTest@b978d10]" started-at="2021-06-27T21:32:43Z" name="setUp" finished-at="2021-06-27T21:32:53Z" duration-ms="9274" status="PASS">
          <reporter-output>
          </reporter-output>
        </test-method> <!-- setUp -->
        <test-method signature="crmLogoImageTest()[pri:2, instance:com.crm.qa.testcases.LoginPageTest@b978d10]" started-at="2021-06-27T21:32:53Z" name="crmLogoImageTest" finished-at="2021-06-27T21:32:53Z" duration-ms="63" status="PASS">
          <reporter-output>
          </reporter-output>
        </test-method> <!-- crmLogoImageTest -->
        <test-method is-config="true" signature="tearDown()[pri:0, instance:com.crm.qa.testcases.LoginPageTest@b978d10]" started-at="2021-06-27T21:32:53Z" name="tearDown" finished-at="2021-06-27T21:32:53Z" duration-ms="612" status="PASS">
          <reporter-output>
          </reporter-output>
        </test-method> <!-- tearDown -->
        <test-method is-config="true" signature="setUp()[pri:0, instance:com.crm.qa.testcases.LoginPageTest@b978d10]" started-at="2021-06-27T21:32:53Z" name="setUp" finished-at="2021-06-27T21:33:02Z" duration-ms="8340" status="PASS">
          <reporter-output>
          </reporter-output>
        </test-method> <!-- setUp -->
        <test-method signature="loginTest()[pri:3, instance:com.crm.qa.testcases.LoginPageTest@b978d10]" started-at="2021-06-27T21:33:02Z" name="loginTest" finished-at="2021-06-27T21:33:08Z" duration-ms="6669" status="PASS">
          <reporter-output>
          </reporter-output>
        </test-method> <!-- loginTest -->
        <test-method is-config="true" signature="tearDown()[pri:0, instance:com.crm.qa.testcases.LoginPageTest@b978d10]" started-at="2021-06-27T21:33:08Z" name="tearDown" finished-at="2021-06-27T21:33:09Z" duration-ms="612" status="PASS">
          <reporter-output>
          </reporter-output>
        </test-method> <!-- tearDown -->
      </class> <!-- com.crm.qa.testcases.LoginPageTest -->
    </test> <!-- Default test -->
  </suite> <!-- Default suite -->
</testng-results>
